<?xml version="1.0" encoding="UTF-8"?>
<!-- Generated by org.testng.reporters.JUnitXMLReporter -->
<testsuite ignored="0" hostname="DESKTOP-EDIOI3Q" failures="0" tests="3" name="Cutomise EndToEnd Test" time="113.667" errors="0" timestamp="2025-03-07T14:16:25 IST">
  <testcase classname="SeleniumFramework.Test.CutomiseEndToEndTest" name="submitOrder" time="34.958"/>
  <testcase classname="SeleniumFramework.Test.CutomiseEndToEndTest" name="submitOrder" time="11.147"/>
  <testcase classname="SeleniumFramework.Test.CutomiseEndToEndTest" name="orderHistory" time="1.777"/>
</testsuite> <!-- Cutomise EndToEnd Test -->
